2024-09-03T07:37:11.729Z [INFO]: This is information..
2024-09-03T07:37:11.735Z [WARN]: This is your warning!!
2024-09-03T07:37:11.735Z [ERROR]: This is an error????
2024-09-03T07:37:41.577Z [INFO]: This is information..
2024-09-03T07:37:41.579Z [WARN]: This is your warning!!
2024-09-03T07:37:41.579Z [ERROR]: This is an error????
2024-09-03T07:37:45.409Z [INFO]: This is information..
2024-09-03T07:37:45.410Z [WARN]: This is your warning!!
2024-09-03T07:37:45.410Z [ERROR]: This is an error????
2024-09-03T07:45:51.586Z [INFO]: This is information..
2024-09-03T07:45:51.587Z [WARN]: This is your warning!!
2024-09-03T07:45:51.587Z [ERROR]: This is an error????
2024-09-03T07:45:51.637Z [INFO]: Server is running on http://localhost:3000
2024-09-03T07:46:44.911Z [INFO]: Printed
2024-09-03T07:46:46.566Z [INFO]: ::1 - - [03/Sep/2024:07:46:46 +0000] "POST /working HTTP/1.1" - - "-" "PostmanRuntime/7.41.2"
2024-09-03T07:48:38.244Z [INFO]: This is information..
2024-09-03T07:48:38.246Z [WARN]: This is your warning!!
2024-09-03T07:48:38.246Z [ERROR]: This is an error????
2024-09-03T07:48:38.296Z [INFO]: Server is running on http://localhost:3000
2024-09-03T07:48:49.004Z [INFO]: Printed
2024-09-03T07:48:50.054Z [INFO]: POST /working - - ms
2024-09-03T07:50:52.104Z [INFO]: This is information..
2024-09-03T07:50:52.106Z [WARN]: This is your warning!!
2024-09-03T07:50:52.106Z [ERROR]: This is an error????
2024-09-03T07:50:52.163Z [INFO]: Server is running on http://localhost:3000
2024-09-03T08:00:22.822Z [INFO]: [object Object]
2024-09-03T08:00:27.375Z [INFO]: This is information..
2024-09-03T08:00:27.376Z [WARN]: This is your warning!!
2024-09-03T08:00:27.376Z [ERROR]: This is an error????
2024-09-03T08:00:27.427Z [INFO]: Server is running on http://localhost:3000
2024-09-03T08:00:29.599Z [INFO]: [object Object]
2024-09-03T08:00:30.883Z [INFO]: [POST] [/working] - - ms
2024-09-03T08:01:49.519Z [INFO]: This is information..
2024-09-03T08:01:49.520Z [WARN]: This is your warning!!
2024-09-03T08:01:49.521Z [ERROR]: This is an error????
2024-09-03T08:01:49.569Z [INFO]: Server is running on http://localhost:3000
2024-09-03T08:01:54.524Z [INFO]: [object Object]
2024-09-03T08:03:24.036Z [INFO]: This is information..
2024-09-03T08:03:24.037Z [WARN]: This is your warning!!
2024-09-03T08:03:24.037Z [ERROR]: This is an error????
2024-09-03T08:03:24.092Z [INFO]: Server is running on http://localhost:3000
2024-09-03T08:03:26.031Z [INFO]: [object Object]
2024-09-03T08:04:32.799Z [INFO]: This is information..
2024-09-03T08:04:32.803Z [WARN]: This is your warning!!
2024-09-03T08:04:32.803Z [ERROR]: This is an error????
2024-09-03T08:04:32.836Z [INFO]: Server is running on http://localhost:3000
2024-09-03T08:04:34.797Z [INFO]: [object Object]
2024-09-03T08:04:45.541Z [INFO]: This is information..
2024-09-03T08:04:45.542Z [WARN]: This is your warning!!
2024-09-03T08:04:45.542Z [ERROR]: This is an error????
2024-09-03T08:04:45.573Z [INFO]: Server is running on http://localhost:3000
2024-09-03T08:04:49.422Z [INFO]: [object Object]
2024-09-03T08:05:11.616Z [INFO]: This is information..
2024-09-03T08:05:11.617Z [WARN]: This is your warning!!
2024-09-03T08:05:11.617Z [ERROR]: This is an error????
2024-09-03T08:05:11.666Z [INFO]: Server is running on http://localhost:3000
2024-09-03T08:05:16.579Z [INFO]: 
2024-09-03T08:06:07.836Z [INFO]: This is information..
2024-09-03T08:06:07.837Z [WARN]: This is your warning!!
2024-09-03T08:06:07.837Z [ERROR]: This is an error????
2024-09-03T08:06:07.886Z [INFO]: Server is running on http://localhost:3000
2024-09-03T08:06:10.448Z [INFO]: Printed
2024-09-03T08:06:21.854Z [INFO]: [POST] [/working] - - ms
2024-09-03T08:06:22.442Z [INFO]: Printed
2024-09-03T08:10:32.187Z [INFO]: This is information..
2024-09-03T08:10:32.188Z [WARN]: This is your warning!!
2024-09-03T08:10:32.188Z [ERROR]: This is an error????
2024-09-03T08:10:32.240Z [INFO]: Server is running on http://localhost:3000
2024-09-03T08:10:35.552Z [INFO]: Printed
2024-09-03T08:10:35.554Z [INFO]: [POST] [/working] 500 8.484 ms
2024-09-03T08:11:40.210Z [INFO]: This is information..
2024-09-03T08:11:40.211Z [WARN]: This is your warning!!
2024-09-03T08:11:40.211Z [ERROR]: This is an error????
2024-09-03T08:11:40.263Z [INFO]: Server is running on http://localhost:3000
2024-09-03T08:11:43.171Z [INFO]: Printed
2024-09-03T08:11:43.175Z [INFO]: [POST] [/working] 200 11.646 ms
2024-09-03T08:11:53.462Z [INFO]: This is information..
2024-09-03T08:11:53.463Z [WARN]: This is your warning!!
2024-09-03T08:11:53.463Z [ERROR]: This is an error????
2024-09-03T08:11:53.512Z [INFO]: Server is running on http://localhost:3000
2024-09-03T08:11:55.716Z [INFO]: Printed
2024-09-03T08:11:59.027Z [INFO]: [POST] [/working] - - ms
2024-09-03T08:11:59.517Z [INFO]: Printed
2024-09-03T08:12:01.074Z [INFO]: [POST] [/working] - - ms
2024-09-03T08:12:07.774Z [INFO]: This is information..
2024-09-03T08:12:07.776Z [WARN]: This is your warning!!
2024-09-03T08:12:07.776Z [ERROR]: This is an error????
2024-09-03T08:12:07.824Z [INFO]: Server is running on http://localhost:3000
2024-09-03T08:12:09.410Z [INFO]: Printed
2024-09-03T08:12:09.412Z [INFO]: [POST] [/working] 200 7.980 ms
2024-09-03T08:12:30.509Z [INFO]: This is information..
2024-09-03T08:12:30.511Z [WARN]: This is your warning!!
2024-09-03T08:12:30.511Z [ERROR]: This is an error????
2024-09-03T08:12:30.561Z [INFO]: Server is running on http://localhost:3000
2024-09-03T08:12:32.452Z [INFO]: Printed
2024-09-03T08:12:32.454Z [INFO]: POST /working 200 8.928 ms
2024-09-03T08:14:15.014Z [INFO]: This is information..
2024-09-03T08:14:15.015Z [WARN]: This is your warning!!
2024-09-03T08:14:15.015Z [ERROR]: This is an error????
2024-09-03T08:14:15.067Z [INFO]: Server is running on http://localhost:3000
2024-09-03T08:14:16.860Z [INFO]: Printed
2024-09-03T08:14:16.862Z [INFO]: ::1 - - [03/Sep/2024:08:14:16 +0000] "POST /working HTTP/1.1" 200 6
2024-09-03T08:14:38.249Z [INFO]: This is information..
2024-09-03T08:14:38.250Z [WARN]: This is your warning!!
2024-09-03T08:14:38.250Z [ERROR]: This is an error????
2024-09-03T08:14:38.281Z [INFO]: Server is running on http://localhost:3000
2024-09-03T08:14:41.547Z [INFO]: Printed
2024-09-03T08:14:41.549Z [INFO]: ::1 - - [03/Sep/2024:08:14:41 +0000] "POST /working HTTP/1.1" 200 6 "-" "PostmanRuntime/7.41.2"
2024-09-03T08:16:41.452Z [INFO]: This is information..
2024-09-03T08:16:41.453Z [WARN]: This is your warning!!
2024-09-03T08:16:41.454Z [ERROR]: This is an error????
2024-09-03T08:16:41.505Z [INFO]: Server is running on http://localhost:3000
2024-09-03T08:16:44.074Z [INFO]: Printed
2024-09-03T08:16:44.077Z [INFO]: ::1 - - [03/Sep/2024:08:16:44 +0000] "POST /working HTTP/1.1" 200 6 "-" "PostmanRuntime/7.41.2"
